<?xml version="1.0" encoding="UTF-8"?>
<testng-results ignored="0" total="1" passed="0" failed="1" skipped="0">
  <reporter-output>
  </reporter-output>
  <suite started-at="2023-05-29T11:55:49 IST" name="Default suite" finished-at="2023-05-29T11:56:08 IST" duration-ms="18866">
    <groups>
    </groups>
    <test started-at="2023-05-29T11:55:49 IST" name="Default test" finished-at="2023-05-29T11:56:08 IST" duration-ms="18866">
      <class name="testScript.AddPythonToMyCart">
        <test-method is-config="true" signature="classCofig()[pri:0, instance:testScript.AddPythonToMyCart@4d465b11]" started-at="2023-05-29T11:55:49 IST" name="classCofig" finished-at="2023-05-29T11:55:49 IST" duration-ms="517" status="PASS">
          <reporter-output>
          </reporter-output>
        </test-method> <!-- classCofig -->
        <test-method is-config="true" signature="methodConfig()[pri:0, instance:testScript.AddPythonToMyCart@4d465b11]" started-at="2023-05-29T11:55:49 IST" name="methodConfig" finished-at="2023-05-29T11:55:56 IST" duration-ms="6546" status="PASS">
          <reporter-output>
          </reporter-output>
        </test-method> <!-- methodConfig -->
        <test-method signature="addPythonTomyCart()[pri:0, instance:testScript.AddPythonToMyCart@4d465b11]" started-at="2023-05-29T11:55:56 IST" name="addPythonTomyCart" finished-at="2023-05-29T11:56:07 IST" duration-ms="10873" status="FAIL">
          <exception class="java.lang.AssertionError">
            <message>
              <![CDATA[The following asserts failed:
expected [Testing] but found [SkillRary-ECommerce
HOME
COURSE
FEEDBACK
CATEGORY
Select category
Testing
DevOps
Development
Datbase Analist
Dance
Business Analyst
java
Polampalli Madhu
My sql
manual test cases
test development
0
LOGIN
SIGNUP]]]>
            </message>
            <full-stacktrace>
              <![CDATA[java.lang.AssertionError: The following asserts failed:
expected [Testing] but found [SkillRary-ECommerce
HOME
COURSE
FEEDBACK
CATEGORY
Select category
Testing
DevOps
Development
Datbase Analist
Dance
Business Analyst
java
Polampalli Madhu
My sql
manual test cases
test development
0
LOGIN
SIGNUP]
at org.testng.asserts.SoftAssert.assertAll(SoftAssert.java:47)
at org.testng.asserts.SoftAssert.assertAll(SoftAssert.java:31)
at testScript.AddPythonToMyCart.addPythonTomyCart(AddPythonToMyCart.java:25)
at java.base/jdk.internal.reflect.NativeMethodAccessorImpl.invoke0(Native Method)
at java.base/jdk.internal.reflect.NativeMethodAccessorImpl.invoke(NativeMethodAccessorImpl.java:77)
at java.base/jdk.internal.reflect.DelegatingMethodAccessorImpl.invoke(DelegatingMethodAccessorImpl.java:43)
at java.base/java.lang.reflect.Method.invoke(Method.java:568)
at org.testng.internal.MethodInvocationHelper.invokeMethod(MethodInvocationHelper.java:133)
at org.testng.internal.TestInvoker.invokeMethod(TestInvoker.java:598)
at org.testng.internal.TestInvoker.invokeTestMethod(TestInvoker.java:173)
at org.testng.internal.MethodRunner.runInSequence(MethodRunner.java:46)
at org.testng.internal.TestInvoker$MethodInvocationAgent.invoke(TestInvoker.java:824)
at org.testng.internal.TestInvoker.invokeTestMethods(TestInvoker.java:146)
at org.testng.internal.TestMethodWorker.invokeTestMethods(TestMethodWorker.java:146)
at org.testng.internal.TestMethodWorker.run(TestMethodWorker.java:128)
at java.base/java.util.ArrayList.forEach(ArrayList.java:1511)
at org.testng.TestRunner.privateRun(TestRunner.java:794)
at org.testng.TestRunner.run(TestRunner.java:596)
at org.testng.SuiteRunner.runTest(SuiteRunner.java:377)
at org.testng.SuiteRunner.runSequentially(SuiteRunner.java:371)
at org.testng.SuiteRunner.privateRun(SuiteRunner.java:332)
at org.testng.SuiteRunner.run(SuiteRunner.java:276)
at org.testng.SuiteRunnerWorker.runSuite(SuiteRunnerWorker.java:53)
at org.testng.SuiteRunnerWorker.run(SuiteRunnerWorker.java:96)
at org.testng.TestNG.runSuitesSequentially(TestNG.java:1212)
at org.testng.TestNG.runSuitesLocally(TestNG.java:1134)
at org.testng.TestNG.runSuites(TestNG.java:1063)
at org.testng.TestNG.run(TestNG.java:1031)
at org.testng.remote.AbstractRemoteTestNG.run(AbstractRemoteTestNG.java:115)
at org.testng.remote.RemoteTestNG.initAndRun(RemoteTestNG.java:251)
at org.testng.remote.RemoteTestNG.main(RemoteTestNG.java:77)
]]>
            </full-stacktrace>
          </exception> <!-- java.lang.AssertionError -->
          <reporter-output>
          </reporter-output>
        </test-method> <!-- addPythonTomyCart -->
        <test-method is-config="true" signature="methodTearDown()[pri:0, instance:testScript.AddPythonToMyCart@4d465b11]" started-at="2023-05-29T11:56:07 IST" name="methodTearDown" finished-at="2023-05-29T11:56:08 IST" duration-ms="903" status="PASS">
          <reporter-output>
          </reporter-output>
        </test-method> <!-- methodTearDown -->
        <test-method is-config="true" signature="classTearDown()[pri:0, instance:testScript.AddPythonToMyCart@4d465b11]" started-at="2023-05-29T11:56:08 IST" name="classTearDown" finished-at="2023-05-29T11:56:08 IST" duration-ms="0" status="PASS">
          <reporter-output>
          </reporter-output>
        </test-method> <!-- classTearDown -->
      </class> <!-- testScript.AddPythonToMyCart -->
    </test> <!-- Default test -->
  </suite> <!-- Default suite -->
</testng-results>
